------------------------------------------------------------------------------------------------------------------------

[2018-03-06 12:16:23 #1 store] 
Database 'E:\Bets\resources\bets.temp' has been recovered (tr. 13-13)

[2018-03-06 12:16:23 #2 store] 
Database 'E:\Bets\resources\bets.temp' is opened by 6468@U032858

[2018-03-06 12:16:23 #3 store] 
Configuration path: E:\Bets\objectdb-2.7.4_02\objectdb.conf

[2018-03-06 12:16:48 #4 store] 
Database 'E:\Bets\resources\bets.temp' is closed by 6468@U032858

------------------------------------------------------------------------------------------------------------------------

[2018-03-06 15:11:06 #1 store] 
Database 'C:\Users\danel\Desktop\IS\Bets\resources\bets.temp' has been recovered (tr. 24-24)

[2018-03-06 15:11:06 #2 store] 
Database 'C:\Users\danel\Desktop\IS\Bets\resources\bets.temp' is opened by 8064@DESKTOP-RS6UR7Q

[2018-03-06 15:11:06 #3 store] 
Configuration path: C:\Users\danel\Desktop\IS\Bets\objectdb-2.7.4_02\objectdb.conf

[2018-03-06 15:11:45 #4 store] 
Database 'C:\Users\danel\Desktop\IS\Bets\resources\bets.temp' is closed by 8064@DESKTOP-RS6UR7Q

------------------------------------------------------------------------------------------------------------------------

[2018-03-06 15:21:28 #1 store] 
Database 'C:\Users\danel\Desktop\IS\Bets\resources\bets.temp' has been recovered (tr. 7-7)

[2018-03-06 15:21:28 #2 store] 
Database 'C:\Users\danel\Desktop\IS\Bets\resources\bets.temp' is opened by 3796@DESKTOP-RS6UR7Q

[2018-03-06 15:21:28 #3 store] 
Configuration path: C:\Users\danel\Desktop\IS\Bets\objectdb-2.7.4_02\objectdb.conf

[2018-03-06 15:22:06 #4 store] 
Database 'C:\Users\danel\Desktop\IS\Bets\resources\bets.temp' is closed by 3796@DESKTOP-RS6UR7Q

------------------------------------------------------------------------------------------------------------------------

[2018-03-06 15:58:09 #1 store] 
Database 'C:\Users\danel\Desktop\IS\Bets\resources\bets.temp' is opened by 10472@DESKTOP-RS6UR7Q

[2018-03-06 15:58:09 #2 store] 
Configuration path: C:\Users\danel\Desktop\IS\Bets\objectdb-2.7.4_02\objectdb.conf

[2018-03-06 15:58:23 #3 store] 
Database 'C:\Users\danel\Desktop\IS\Bets\resources\bets.temp' is closed by 10472@DESKTOP-RS6UR7Q

------------------------------------------------------------------------------------------------------------------------

[2018-03-06 15:59:22 #1 store] 
Database 'C:\Users\danel\Desktop\IS\Bets\resources\bets.temp' has been recovered (tr. 11-11)

[2018-03-06 15:59:22 #2 store] 
Database 'C:\Users\danel\Desktop\IS\Bets\resources\bets.temp' is opened by 11824@DESKTOP-RS6UR7Q

[2018-03-06 15:59:22 #3 store] 
Configuration path: C:\Users\danel\Desktop\IS\Bets\objectdb-2.7.4_02\objectdb.conf

[2018-03-06 15:59:41 #4 store] 
Database 'C:\Users\danel\Desktop\IS\Bets\resources\bets.temp' is closed by 11824@DESKTOP-RS6UR7Q

------------------------------------------------------------------------------------------------------------------------

[2018-03-06 16:07:38 #1 store] 
Database 'C:\Users\danel\Desktop\IS\Bets\resources\bets.temp' has been recovered (tr. 1-6)

[2018-03-06 16:07:38 #2 store] 
Database 'C:\Users\danel\Desktop\IS\Bets\resources\bets.temp' is opened by 8132@DESKTOP-RS6UR7Q

[2018-03-06 16:07:38 #3 store] 
Configuration path: C:\Users\danel\Desktop\IS\Bets\objectdb-2.7.4_02\objectdb.conf

[2018-03-06 16:07:48 #4 store] 
Database 'C:\Users\danel\Desktop\IS\Bets\resources\bets.temp' is closed by 8132@DESKTOP-RS6UR7Q

------------------------------------------------------------------------------------------------------------------------

[2018-03-06 16:09:51 #1 store] 
Database 'C:\Users\danel\Desktop\IS\Bets\resources\bets.temp' has been recovered (tr. 9-9)

[2018-03-06 16:09:51 #2 store] 
Database 'C:\Users\danel\Desktop\IS\Bets\resources\bets.temp' is opened by 10568@DESKTOP-RS6UR7Q

[2018-03-06 16:09:51 #3 store] 
Configuration path: C:\Users\danel\Desktop\IS\Bets\objectdb-2.7.4_02\objectdb.conf

[2018-03-06 16:10:09 #4 store] 
Database 'C:\Users\danel\Desktop\IS\Bets\resources\bets.temp' is closed by 10568@DESKTOP-RS6UR7Q

