------------------------------------------------------------------------------------------------------------------------

[2018-03-05 13:31:43 #1 store] 
Database 'E:\Bets\resources\bets.temp' is opened by 2424@Lenovo-PC

[2018-03-05 13:31:43 #2 type] 
Type domain.Question is not enhanced.

[2018-03-05 13:31:43 #3 type] 
Type domain.Event is not enhanced.

[2018-03-05 13:31:43 #4 type] 
Type domain.Usuario is not enhanced.

------------------------------------------------------------------------------------------------------------------------

[2018-03-05 13:32:00 #1 store] 
Database 'E:\Bets\resources\bets.temp' is opened by 2548@Lenovo-PC

[2018-03-05 13:32:00 #2 type] 
Type domain.Question is not enhanced.

[2018-03-05 13:32:00 #3 type] 
Type domain.Event is not enhanced.

[2018-03-05 13:32:00 #4 type] 
Type domain.Usuario is not enhanced.

------------------------------------------------------------------------------------------------------------------------

[2018-03-05 13:36:17 #1 store] 
Database 'E:\Bets\resources\bets.temp' is opened by 3504@Lenovo-PC

[2018-03-05 13:36:17 #2 type] 
Type domain.Question is not enhanced.

[2018-03-05 13:36:17 #3 type] 
Type domain.Event is not enhanced.

[2018-03-05 13:36:17 #4 type] 
Type domain.Usuario is not enhanced.

------------------------------------------------------------------------------------------------------------------------

[2018-03-05 13:37:58 #1 store] 
Database 'E:\Bets\resources\bets.temp' is opened by 8776@Lenovo-PC

[2018-03-05 13:37:58 #2 type] 
Type domain.Question is not enhanced.

[2018-03-05 13:37:58 #3 type] 
Type domain.Event is not enhanced.

[2018-03-05 13:37:58 #4 type] 
Type domain.Usuario is not enhanced.

------------------------------------------------------------------------------------------------------------------------

[2018-03-05 13:39:18 #1 store] 
Database 'E:\Bets\resources\bets.temp' is opened by 11740@Lenovo-PC

[2018-03-05 13:39:18 #2 type] 
Type domain.Question is not enhanced.

[2018-03-05 13:39:18 #3 type] 
Type domain.Event is not enhanced.

[2018-03-05 13:39:18 #4 type] 
Type domain.Usuario is not enhanced.

------------------------------------------------------------------------------------------------------------------------

[2018-03-05 13:40:55 #1 store] 
Database 'E:\Bets\resources\bets.temp' is opened by 7864@Lenovo-PC

[2018-03-05 13:40:55 #2 type] 
Type domain.Question is not enhanced.

[2018-03-05 13:40:55 #3 type] 
Type domain.Event is not enhanced.

[2018-03-05 13:40:55 #4 type] 
Type domain.Usuario is not enhanced.

------------------------------------------------------------------------------------------------------------------------

[2018-03-05 13:41:55 #1 store] 
Database 'E:\Bets\resources\bets.temp' is opened by 3148@Lenovo-PC

[2018-03-05 13:41:55 #2 type] 
Type domain.Question is not enhanced.

[2018-03-05 13:41:55 #3 type] 
Type domain.Event is not enhanced.

[2018-03-05 13:41:55 #4 type] 
Type domain.Usuario is not enhanced.

------------------------------------------------------------------------------------------------------------------------

[2018-03-05 13:44:04 #1 store] 
Database 'E:\Bets\resources\bets.temp' is opened by 9600@Lenovo-PC

[2018-03-05 13:44:04 #2 type] 
Type domain.Question is not enhanced.

[2018-03-05 13:44:04 #3 type] 
Type domain.Event is not enhanced.

[2018-03-05 13:44:04 #4 type] 
Type domain.Usuario is not enhanced.

------------------------------------------------------------------------------------------------------------------------

[2018-03-05 13:51:21 #1 store] 
Database 'E:\Bets\resources\bets.temp' is opened by 11692@Lenovo-PC

[2018-03-05 13:51:21 #2 type] 
Type domain.Question is not enhanced.

[2018-03-05 13:51:22 #3 type] 
Type domain.Event is not enhanced.

[2018-03-05 13:51:22 #4 type] 
Type domain.Usuario is not enhanced.

------------------------------------------------------------------------------------------------------------------------

[2018-03-05 13:58:40 #1 store] 
Database 'E:\Bets\resources\bets.temp' is opened by 5704@Lenovo-PC

[2018-03-05 13:58:41 #2 type] 
Type domain.Question is not enhanced.

[2018-03-05 13:58:41 #3 type] 
Type domain.Event is not enhanced.

[2018-03-05 13:58:41 #4 type] 
Type domain.Usuario is not enhanced.

------------------------------------------------------------------------------------------------------------------------

[2018-03-05 15:22:58 #1 store] 
Database 'E:\Bets\resources\bets.temp' is opened by 5428@Lenovo-PC

[2018-03-05 15:22:58 #2 type] 
Type domain.Question is not enhanced.

[2018-03-05 15:22:58 #3 type.registry] 
New type domain.Forecast

[2018-03-05 15:22:58 #4 type.registry] 
New type java.util.Vector<domain.Forecast>

[2018-03-05 15:22:58 #5 type] 
Type domain.Event is not enhanced.

[2018-03-05 15:22:58 #6 type] 
Type domain.Usuario is not enhanced.

[2018-03-05 15:22:59 #7 type] 
Type domain.Forecast is not enhanced.

------------------------------------------------------------------------------------------------------------------------

[2018-03-05 15:53:48 #1 store] 
Database 'E:\Bets\resources\bets.temp' has been recovered (tr. 10-10)

[2018-03-05 15:53:48 #2 store] 
Database 'E:\Bets\resources\bets.temp' is opened by 1052@Lenovo-PC

[2018-03-05 15:53:48 #3 type] 
Type domain.Question is not enhanced.

[2018-03-05 15:53:48 #4 type] 
Type domain.Event is not enhanced.

[2018-03-05 15:53:48 #5 type] 
Type domain.Usuario is not enhanced.

[2018-03-05 15:53:48 #6 type] 
Type domain.Forecast is not enhanced.

------------------------------------------------------------------------------------------------------------------------

[2018-03-05 15:55:52 #1 store] 
Database 'E:\Bets\resources\bets.temp' is opened by 2940@Lenovo-PC

[2018-03-05 15:55:52 #2 type] 
Type domain.Question is not enhanced.

[2018-03-05 15:55:52 #3 type] 
Type domain.Event is not enhanced.

[2018-03-05 15:55:52 #4 type] 
Type domain.Usuario is not enhanced.

[2018-03-05 15:55:52 #5 type] 
Type domain.Forecast is not enhanced.

------------------------------------------------------------------------------------------------------------------------

[2018-03-05 15:57:47 #1 store] 
Database 'E:\Bets\resources\bets.temp' has been recovered (tr. 11-11)

[2018-03-05 15:57:47 #2 store] 
Database 'E:\Bets\resources\bets.temp' is opened by 1120@Lenovo-PC

[2018-03-05 15:57:48 #3 type] 
Type domain.Question is not enhanced.

[2018-03-05 15:57:48 #4 type] 
Type domain.Event is not enhanced.

[2018-03-05 15:57:48 #5 type] 
Type domain.Usuario is not enhanced.

[2018-03-05 15:57:48 #6 type] 
Type domain.Forecast is not enhanced.

------------------------------------------------------------------------------------------------------------------------

[2018-03-05 15:59:33 #1 store] 
Database 'E:\Bets\resources\bets.temp' is opened by 8680@Lenovo-PC

[2018-03-05 15:59:33 #2 type] 
Type domain.Question is not enhanced.

[2018-03-05 15:59:33 #3 type] 
Type domain.Event is not enhanced.

[2018-03-05 15:59:33 #4 type] 
Type domain.Usuario is not enhanced.

[2018-03-05 15:59:33 #5 type] 
Type domain.Forecast is not enhanced.

------------------------------------------------------------------------------------------------------------------------

[2018-03-05 16:03:55 #1 store] 
Database 'E:\Bets\resources\bets.temp' is opened by 1584@Lenovo-PC

[2018-03-05 16:03:55 #2 type] 
Type domain.Question is not enhanced.

[2018-03-05 16:03:55 #3 type] 
Type domain.Event is not enhanced.

[2018-03-05 16:03:55 #4 type] 
Type domain.Usuario is not enhanced.

[2018-03-05 16:03:55 #5 type] 
Type domain.Forecast is not enhanced.

------------------------------------------------------------------------------------------------------------------------

[2018-03-05 16:05:13 #1 store] 
Database 'E:\Bets\resources\bets.temp' is opened by 4120@Lenovo-PC

[2018-03-05 16:05:13 #2 type] 
Type domain.Question is not enhanced.

[2018-03-05 16:05:13 #3 type] 
Type domain.Event is not enhanced.

[2018-03-05 16:05:13 #4 type] 
Type domain.Usuario is not enhanced.

[2018-03-05 16:05:13 #5 type] 
Type domain.Forecast is not enhanced.

------------------------------------------------------------------------------------------------------------------------

[2018-03-05 16:09:12 #1 store] 
Database 'E:\Bets\resources\bets.temp' has been recovered (tr. 13-13)

[2018-03-05 16:09:12 #2 store] 
Database 'E:\Bets\resources\bets.temp' is opened by 8388@Lenovo-PC

[2018-03-05 16:09:12 #3 type] 
Type domain.Question is not enhanced.

[2018-03-05 16:09:12 #4 type] 
Type domain.Event is not enhanced.

[2018-03-05 16:09:12 #5 type] 
Type domain.Usuario is not enhanced.

[2018-03-05 16:09:12 #6 type] 
Type domain.Forecast is not enhanced.

------------------------------------------------------------------------------------------------------------------------

[2018-03-05 16:11:55 #1 store] 
Database 'E:\Bets\resources\bets.temp' has been recovered (tr. 14-14)

[2018-03-05 16:11:55 #2 store] 
Database 'E:\Bets\resources\bets.temp' is opened by 2504@Lenovo-PC

[2018-03-05 16:11:55 #3 type] 
Type domain.Question is not enhanced.

[2018-03-05 16:11:55 #4 type] 
Type domain.Event is not enhanced.

[2018-03-05 16:11:55 #5 type] 
Type domain.Usuario is not enhanced.

[2018-03-05 16:11:55 #6 type] 
Type domain.Forecast is not enhanced.

------------------------------------------------------------------------------------------------------------------------

[2018-03-05 16:13:14 #1 store] 
Database 'E:\Bets\resources\bets.temp' is opened by 10484@Lenovo-PC

[2018-03-05 16:13:14 #2 type] 
Type domain.Question is not enhanced.

[2018-03-05 16:13:14 #3 type] 
Type domain.Event is not enhanced.

[2018-03-05 16:13:14 #4 type] 
Type domain.Usuario is not enhanced.

[2018-03-05 16:13:14 #5 type] 
Type domain.Forecast is not enhanced.

------------------------------------------------------------------------------------------------------------------------

[2018-03-05 16:15:46 #1 store] 
Database 'E:\Bets\resources\bets.temp' is opened by 6280@Lenovo-PC

[2018-03-05 16:15:46 #2 type] 
Type domain.Question is not enhanced.

[2018-03-05 16:15:46 #3 type] 
Type domain.Event is not enhanced.

[2018-03-05 16:15:46 #4 type] 
Type domain.Usuario is not enhanced.

[2018-03-05 16:15:46 #5 type] 
Type domain.Forecast is not enhanced.

------------------------------------------------------------------------------------------------------------------------

[2018-03-05 16:20:05 #1 store] 
Database 'E:\Bets\resources\bets.temp' has been recovered (tr. 16-16)

[2018-03-05 16:20:05 #2 store] 
Database 'E:\Bets\resources\bets.temp' is opened by 5068@Lenovo-PC

[2018-03-05 16:20:05 #3 type] 
Type domain.Question is not enhanced.

[2018-03-05 16:20:05 #4 type] 
Type domain.Event is not enhanced.

[2018-03-05 16:20:05 #5 type] 
Type domain.Usuario is not enhanced.

[2018-03-05 16:20:05 #6 type] 
Type domain.Forecast is not enhanced.

------------------------------------------------------------------------------------------------------------------------

[2018-03-05 16:21:50 #1 store] 
Database 'E:\Bets\resources\bets.temp' has been recovered (tr. 17-17)

[2018-03-05 16:21:50 #2 store] 
Database 'E:\Bets\resources\bets.temp' is opened by 5472@Lenovo-PC

[2018-03-05 16:21:50 #3 type] 
Type domain.Question is not enhanced.

[2018-03-05 16:21:50 #4 type] 
Type domain.Event is not enhanced.

[2018-03-05 16:21:50 #5 type] 
Type domain.Usuario is not enhanced.

[2018-03-05 16:21:50 #6 type] 
Type domain.Forecast is not enhanced.

------------------------------------------------------------------------------------------------------------------------

[2018-03-05 16:23:01 #1 store] 
Database 'E:\Bets\resources\bets.temp' has been recovered (tr. 18-18)

[2018-03-05 16:23:01 #2 store] 
Database 'E:\Bets\resources\bets.temp' is opened by 6276@Lenovo-PC

[2018-03-05 16:23:01 #3 type] 
Type domain.Question is not enhanced.

[2018-03-05 16:23:01 #4 type] 
Type domain.Event is not enhanced.

[2018-03-05 16:23:01 #5 type] 
Type domain.Usuario is not enhanced.

[2018-03-05 16:23:01 #6 type] 
Type domain.Forecast is not enhanced.

------------------------------------------------------------------------------------------------------------------------

[2018-03-05 16:26:51 #1 store] 
Database 'E:\Bets\resources\bets.temp' has been recovered (tr. 19-20)

[2018-03-05 16:26:51 #2 store] 
Database 'E:\Bets\resources\bets.temp' is opened by 5100@Lenovo-PC

[2018-03-05 16:26:51 #3 type] 
Type domain.Question is not enhanced.

[2018-03-05 16:26:51 #4 type] 
Type domain.Event is not enhanced.

[2018-03-05 16:26:51 #5 type] 
Type domain.Usuario is not enhanced.

[2018-03-05 16:26:51 #6 type] 
Type domain.Forecast is not enhanced.

------------------------------------------------------------------------------------------------------------------------

[2018-03-05 16:28:06 #1 store] 
Database 'E:\Bets\resources\bets.temp' is opened by 7652@Lenovo-PC

[2018-03-05 16:28:06 #2 type] 
Type domain.Question is not enhanced.

[2018-03-05 16:28:06 #3 type] 
Type domain.Event is not enhanced.

[2018-03-05 16:28:06 #4 type] 
Type domain.Usuario is not enhanced.

[2018-03-05 16:28:06 #5 type] 
Type domain.Forecast is not enhanced.

------------------------------------------------------------------------------------------------------------------------

[2018-03-05 16:32:47 #1 store] 
Database 'E:\Bets\resources\bets.temp' is opened by 8232@Lenovo-PC

[2018-03-05 16:32:47 #2 type] 
Type domain.Question is not enhanced.

[2018-03-05 16:32:47 #3 type] 
Type domain.Event is not enhanced.

[2018-03-05 16:32:47 #4 type] 
Type domain.Usuario is not enhanced.

[2018-03-05 16:32:47 #5 type] 
Type domain.Forecast is not enhanced.

------------------------------------------------------------------------------------------------------------------------

[2018-03-05 16:33:19 #1 store] 
Database 'E:\Bets\resources\bets.temp' has been recovered (tr. 22-22)

[2018-03-05 16:33:19 #2 store] 
Database 'E:\Bets\resources\bets.temp' is opened by 7856@Lenovo-PC

[2018-03-05 16:33:19 #3 type] 
Type domain.Question is not enhanced.

[2018-03-05 16:33:19 #4 type] 
Type domain.Event is not enhanced.

[2018-03-05 16:33:19 #5 type] 
Type domain.Usuario is not enhanced.

[2018-03-05 16:33:19 #6 type] 
Type domain.Forecast is not enhanced.

------------------------------------------------------------------------------------------------------------------------

[2018-03-05 16:37:29 #1 store] 
Database 'E:\Bets\resources\bets.temp' is opened by 9312@Lenovo-PC

[2018-03-05 16:37:29 #2 type] 
Type domain.Question is not enhanced.

[2018-03-05 16:37:29 #3 type] 
Type domain.Event is not enhanced.

[2018-03-05 16:37:29 #4 type] 
Type domain.Usuario is not enhanced.

[2018-03-05 16:37:29 #5 type] 
Type domain.Forecast is not enhanced.

------------------------------------------------------------------------------------------------------------------------

[2018-03-05 16:41:59 #1 store] 
Database 'E:\Bets\resources\bets.temp' has been recovered (tr. 23-23)

[2018-03-05 16:41:59 #2 store] 
Database 'E:\Bets\resources\bets.temp' is opened by 7124@Lenovo-PC

[2018-03-05 16:42:00 #3 type] 
Type domain.Question is not enhanced.

[2018-03-05 16:42:00 #4 type] 
Type domain.Event is not enhanced.

[2018-03-05 16:42:00 #5 type] 
Type domain.Usuario is not enhanced.

[2018-03-05 16:42:00 #6 type] 
Type domain.Forecast is not enhanced.

------------------------------------------------------------------------------------------------------------------------

[2018-03-05 16:45:29 #1 store] 
Database 'E:\Bets\resources\bets.temp' has been recovered (tr. 24-24)

[2018-03-05 16:45:29 #2 store] 
Database 'E:\Bets\resources\bets.temp' is opened by 5412@Lenovo-PC

[2018-03-05 16:45:29 #3 type] 
Type domain.Question is not enhanced.

[2018-03-05 16:45:29 #4 type] 
Type domain.Event is not enhanced.

[2018-03-05 16:45:29 #5 type] 
Type domain.Usuario is not enhanced.

[2018-03-05 16:45:29 #6 type] 
Type domain.Forecast is not enhanced.

------------------------------------------------------------------------------------------------------------------------

[2018-03-05 16:46:34 #1 store] 
Database 'E:\Bets\resources\bets.temp' has been recovered (tr. 25-25)

[2018-03-05 16:46:34 #2 store] 
Database 'E:\Bets\resources\bets.temp' is opened by 9164@Lenovo-PC

[2018-03-05 16:46:34 #3 type] 
Type domain.Question is not enhanced.

[2018-03-05 16:46:34 #4 type] 
Type domain.Event is not enhanced.

[2018-03-05 16:46:34 #5 type] 
Type domain.Usuario is not enhanced.

[2018-03-05 16:46:34 #6 type] 
Type domain.Forecast is not enhanced.

------------------------------------------------------------------------------------------------------------------------

[2018-03-05 17:24:56 #1 store] 
Database 'E:\Bets\resources\bets.temp' has been recovered (tr. 26-27)

[2018-03-05 17:24:56 #2 store] 
Database 'E:\Bets\resources\bets.temp' is opened by 11104@Lenovo-PC

[2018-03-05 17:24:56 #3 type] 
Type domain.Question is not enhanced.

[2018-03-05 17:24:56 #4 type] 
Type domain.Event is not enhanced.

[2018-03-05 17:24:56 #5 type] 
Type domain.Usuario is not enhanced.

[2018-03-05 17:24:56 #6 type] 
Type domain.Forecast is not enhanced.

------------------------------------------------------------------------------------------------------------------------

[2018-03-05 17:29:09 #1 store] 
Database 'E:\Bets\resources\bets.temp' has been recovered (tr. 28-28)

[2018-03-05 17:29:09 #2 store] 
Database 'E:\Bets\resources\bets.temp' is opened by 11660@Lenovo-PC

[2018-03-05 17:29:09 #3 type] 
Type domain.Question is not enhanced.

[2018-03-05 17:29:09 #4 type] 
Type domain.Event is not enhanced.

[2018-03-05 17:29:09 #5 type] 
Type domain.Usuario is not enhanced.

[2018-03-05 17:29:09 #6 type] 
Type domain.Forecast is not enhanced.

------------------------------------------------------------------------------------------------------------------------

[2018-03-05 17:32:55 #1 store] 
Database 'E:\Bets\resources\bets.temp' is opened by 8116@Lenovo-PC

[2018-03-05 17:32:55 #2 type] 
Type domain.Question is not enhanced.

[2018-03-05 17:32:55 #3 type] 
Type domain.Event is not enhanced.

[2018-03-05 17:32:55 #4 type] 
Type domain.Usuario is not enhanced.

[2018-03-05 17:32:55 #5 type] 
Type domain.Forecast is not enhanced.

------------------------------------------------------------------------------------------------------------------------

[2018-03-05 17:34:57 #1 store] 
Database 'E:\Bets\resources\bets.temp' is opened by 10368@Lenovo-PC

[2018-03-05 17:34:57 #2 type] 
Type domain.Question is not enhanced.

[2018-03-05 17:34:57 #3 type] 
Type domain.Event is not enhanced.

[2018-03-05 17:34:57 #4 type] 
Type domain.Usuario is not enhanced.

[2018-03-05 17:34:57 #5 type] 
Type domain.Forecast is not enhanced.

------------------------------------------------------------------------------------------------------------------------

[2018-03-05 17:40:17 #1 store] 
Database 'E:\Bets\resources\bets.temp' is opened by 9400@Lenovo-PC

[2018-03-05 17:40:17 #2 type] 
Type domain.Question is not enhanced.

[2018-03-05 17:40:17 #3 type] 
Type domain.Event is not enhanced.

[2018-03-05 17:40:17 #4 type] 
Type domain.Usuario is not enhanced.

[2018-03-05 17:40:17 #5 type] 
Type domain.Forecast is not enhanced.

------------------------------------------------------------------------------------------------------------------------

[2018-03-05 17:40:39 #1 store] 
Database 'E:\Bets\resources\bets.temp' is opened by 5584@Lenovo-PC

[2018-03-05 17:40:39 #2 type] 
Type domain.Question is not enhanced.

[2018-03-05 17:40:39 #3 type] 
Type domain.Event is not enhanced.

[2018-03-05 17:40:39 #4 type] 
Type domain.Usuario is not enhanced.

[2018-03-05 17:40:39 #5 type] 
Type domain.Forecast is not enhanced.

------------------------------------------------------------------------------------------------------------------------

[2018-03-05 17:41:31 #1 store] 
Database 'E:\Bets\resources\bets.temp' is opened by 7820@Lenovo-PC

[2018-03-05 17:41:31 #2 type] 
Type domain.Question is not enhanced.

[2018-03-05 17:41:31 #3 type] 
Type domain.Event is not enhanced.

[2018-03-05 17:41:31 #4 type] 
Type domain.Usuario is not enhanced.

[2018-03-05 17:41:31 #5 type] 
Type domain.Forecast is not enhanced.

------------------------------------------------------------------------------------------------------------------------

[2018-03-05 17:42:31 #1 store] 
Database 'E:\Bets\resources\bets.temp' is opened by 11332@Lenovo-PC

[2018-03-05 17:42:31 #2 type] 
Type domain.Question is not enhanced.

[2018-03-05 17:42:31 #3 type] 
Type domain.Event is not enhanced.

[2018-03-05 17:42:31 #4 type] 
Type domain.Usuario is not enhanced.

[2018-03-05 17:42:31 #5 type] 
Type domain.Forecast is not enhanced.

------------------------------------------------------------------------------------------------------------------------

[2018-03-05 17:44:18 #1 store] 
Database 'E:\Bets\resources\bets.temp' is opened by 5276@Lenovo-PC

[2018-03-05 17:44:19 #2 type] 
Type domain.Question is not enhanced.

[2018-03-05 17:44:19 #3 type] 
Type domain.Event is not enhanced.

[2018-03-05 17:44:19 #4 type] 
Type domain.Usuario is not enhanced.

[2018-03-05 17:44:19 #5 type] 
Type domain.Forecast is not enhanced.

------------------------------------------------------------------------------------------------------------------------

[2018-03-05 17:57:18 #1 store] 
Database 'E:\Bets\resources\bets.temp' is opened by 6468@Lenovo-PC

[2018-03-05 17:57:18 #2 type] 
Type domain.Question is not enhanced.

[2018-03-05 17:57:18 #3 type] 
Type domain.Event is not enhanced.

[2018-03-05 17:57:18 #4 type] 
Type domain.Usuario is not enhanced.

[2018-03-05 17:57:18 #5 type] 
Type domain.Forecast is not enhanced.

------------------------------------------------------------------------------------------------------------------------

[2018-03-05 18:03:07 #1 store] 
Database 'E:\Bets\resources\bets.temp' is opened by 1756@Lenovo-PC

[2018-03-05 18:03:08 #2 type] 
Type domain.Question is not enhanced.

[2018-03-05 18:03:08 #3 type] 
Type domain.Event is not enhanced.

[2018-03-05 18:03:08 #4 type] 
Type domain.Usuario is not enhanced.

[2018-03-05 18:03:08 #5 type] 
Type domain.Forecast is not enhanced.

------------------------------------------------------------------------------------------------------------------------

[2018-03-05 18:15:23 #1 store] 
Database 'E:\Bets\resources\bets.temp' is opened by 9632@Lenovo-PC

[2018-03-05 18:15:23 #2 type] 
Type domain.Question is not enhanced.

[2018-03-05 18:15:23 #3 type] 
Type domain.Event is not enhanced.

[2018-03-05 18:15:23 #4 type] 
Type domain.Usuario is not enhanced.

[2018-03-05 18:15:23 #5 type] 
Type domain.Forecast is not enhanced.

------------------------------------------------------------------------------------------------------------------------

[2018-03-05 18:15:53 #1 store] 
Database 'E:\Bets\resources\bets.temp' is opened by 5360@Lenovo-PC

[2018-03-05 18:15:53 #2 type] 
Type domain.Question is not enhanced.

[2018-03-05 18:15:53 #3 type] 
Type domain.Event is not enhanced.

[2018-03-05 18:15:53 #4 type] 
Type domain.Usuario is not enhanced.

[2018-03-05 18:15:53 #5 type] 
Type domain.Forecast is not enhanced.

------------------------------------------------------------------------------------------------------------------------

[2018-03-05 18:19:11 #1 store] 
Database 'E:\Bets\resources\bets.temp' is opened by 9704@Lenovo-PC

[2018-03-05 18:19:11 #2 type] 
Type domain.Question is not enhanced.

[2018-03-05 18:19:11 #3 type] 
Type domain.Event is not enhanced.

[2018-03-05 18:19:11 #4 type] 
Type domain.Usuario is not enhanced.

[2018-03-05 18:19:11 #5 type] 
Type domain.Forecast is not enhanced.

------------------------------------------------------------------------------------------------------------------------

[2018-03-05 18:21:20 #1 store] 
Database 'E:\Bets\resources\bets.temp' is opened by 12240@Lenovo-PC

[2018-03-05 18:21:20 #2 type] 
Type domain.Question is not enhanced.

[2018-03-05 18:21:20 #3 type] 
Type domain.Event is not enhanced.

[2018-03-05 18:21:20 #4 type] 
Type domain.Usuario is not enhanced.

[2018-03-05 18:21:20 #5 type] 
Type domain.Forecast is not enhanced.

------------------------------------------------------------------------------------------------------------------------

[2018-03-05 18:48:29 #1 store] 
Database 'E:\Bets\resources\bets.temp' is opened by 7148@Lenovo-PC

[2018-03-05 18:48:29 #2 type] 
Type domain.Question is not enhanced.

[2018-03-05 18:48:29 #3 type] 
Type domain.Event is not enhanced.

[2018-03-05 18:48:29 #4 type] 
Type domain.Usuario is not enhanced.

[2018-03-05 18:48:29 #5 type] 
Type domain.Forecast is not enhanced.

------------------------------------------------------------------------------------------------------------------------

[2018-03-05 18:51:48 #1 store] 
Database 'E:\Bets\resources\bets.temp' is opened by 2964@Lenovo-PC

[2018-03-05 18:51:49 #2 type] 
Type domain.Question is not enhanced.

[2018-03-05 18:51:49 #3 type] 
Type domain.Event is not enhanced.

[2018-03-05 18:51:49 #4 type] 
Type domain.Usuario is not enhanced.

[2018-03-05 18:51:49 #5 type] 
Type domain.Forecast is not enhanced.

------------------------------------------------------------------------------------------------------------------------

[2018-03-05 18:53:39 #1 store] 
Database 'E:\Bets\resources\bets.temp' is opened by 1924@Lenovo-PC

[2018-03-05 18:53:39 #2 type] 
Type domain.Question is not enhanced.

[2018-03-05 18:53:39 #3 type] 
Type domain.Event is not enhanced.

[2018-03-05 18:53:39 #4 type] 
Type domain.Usuario is not enhanced.

[2018-03-05 18:53:39 #5 type] 
Type domain.Forecast is not enhanced.

------------------------------------------------------------------------------------------------------------------------

[2018-03-05 18:57:13 #1 store] 
Database 'E:\Bets\resources\bets.temp' is opened by 6928@Lenovo-PC

[2018-03-05 18:57:13 #2 type] 
Type domain.Question is not enhanced.

[2018-03-05 18:57:13 #3 type] 
Type domain.Event is not enhanced.

[2018-03-05 18:57:13 #4 type] 
Type domain.Usuario is not enhanced.

[2018-03-05 18:57:13 #5 type] 
Type domain.Forecast is not enhanced.

------------------------------------------------------------------------------------------------------------------------

[2018-03-05 18:58:39 #1 store] 
Database 'E:\Bets\resources\bets.temp' is opened by 1780@Lenovo-PC

[2018-03-05 18:58:39 #2 type] 
Type domain.Question is not enhanced.

[2018-03-05 18:58:39 #3 type] 
Type domain.Event is not enhanced.

[2018-03-05 18:58:39 #4 type] 
Type domain.Usuario is not enhanced.

[2018-03-05 18:58:39 #5 type] 
Type domain.Forecast is not enhanced.

------------------------------------------------------------------------------------------------------------------------

[2018-03-05 19:01:21 #1 store] 
Database 'E:\Bets\resources\bets.temp' is opened by 8796@Lenovo-PC

[2018-03-05 19:01:21 #2 type] 
Type domain.Question is not enhanced.

[2018-03-05 19:01:21 #3 type] 
Type domain.Event is not enhanced.

[2018-03-05 19:01:21 #4 type] 
Type domain.Usuario is not enhanced.

[2018-03-05 19:01:21 #5 type] 
Type domain.Forecast is not enhanced.

------------------------------------------------------------------------------------------------------------------------

[2018-03-05 19:02:31 #1 store] 
Database 'E:\Bets\resources\bets.temp' is opened by 3104@Lenovo-PC

[2018-03-05 19:02:31 #2 type] 
Type domain.Question is not enhanced.

[2018-03-05 19:02:31 #3 type] 
Type domain.Event is not enhanced.

[2018-03-05 19:02:31 #4 type] 
Type domain.Usuario is not enhanced.

[2018-03-05 19:02:31 #5 type] 
Type domain.Forecast is not enhanced.

------------------------------------------------------------------------------------------------------------------------

[2018-03-05 19:07:06 #1 store] 
Database 'E:\Bets\resources\bets.temp' is opened by 12092@Lenovo-PC

[2018-03-05 19:07:06 #2 type] 
Type domain.Question is not enhanced.

[2018-03-05 19:07:06 #3 type] 
Type domain.Event is not enhanced.

[2018-03-05 19:07:06 #4 type] 
Type domain.Usuario is not enhanced.

[2018-03-05 19:07:06 #5 type] 
Type domain.Forecast is not enhanced.

------------------------------------------------------------------------------------------------------------------------

[2018-03-05 19:13:07 #1 store] 
Database 'E:\Bets\resources\bets.temp' is opened by 688@Lenovo-PC

[2018-03-05 19:13:07 #2 type] 
Type domain.Question is not enhanced.

[2018-03-05 19:13:07 #3 type] 
Type domain.Event is not enhanced.

[2018-03-05 19:13:07 #4 type] 
Type domain.Usuario is not enhanced.

[2018-03-05 19:13:07 #5 type] 
Type domain.Forecast is not enhanced.

------------------------------------------------------------------------------------------------------------------------

[2018-03-05 19:14:05 #1 store] 
Database 'E:\Bets\resources\bets.temp' is opened by 7236@Lenovo-PC

[2018-03-05 19:14:05 #2 type] 
Type domain.Question is not enhanced.

[2018-03-05 19:14:05 #3 type] 
Type domain.Event is not enhanced.

[2018-03-05 19:14:05 #4 type] 
Type domain.Usuario is not enhanced.

[2018-03-05 19:14:05 #5 type] 
Type domain.Forecast is not enhanced.

------------------------------------------------------------------------------------------------------------------------

[2018-03-05 19:14:57 #1 store] 
Database 'E:\Bets\resources\bets.temp' is opened by 8804@Lenovo-PC

[2018-03-05 19:14:57 #2 type] 
Type domain.Question is not enhanced.

[2018-03-05 19:14:57 #3 type] 
Type domain.Event is not enhanced.

[2018-03-05 19:14:57 #4 type] 
Type domain.Usuario is not enhanced.

[2018-03-05 19:14:57 #5 type] 
Type domain.Forecast is not enhanced.

------------------------------------------------------------------------------------------------------------------------

[2018-03-05 19:15:48 #1 store] 
Database 'E:\Bets\resources\bets.temp' is opened by 7564@Lenovo-PC

[2018-03-05 19:15:48 #2 type.registry] 
New type domain.Question

[2018-03-05 19:15:49 #3 type] 
Type domain.Question is not enhanced.

[2018-03-05 19:15:49 #4 type.registry] 
New type domain.Forecast

[2018-03-05 19:15:49 #5 type.registry] 
New type java.util.Vector<domain.Forecast>

[2018-03-05 19:15:49 #6 type.registry] 
New type domain.Event

[2018-03-05 19:15:49 #7 type] 
Type domain.Forecast is not enhanced.

[2018-03-05 19:15:49 #8 type] 
Type domain.Event is not enhanced.

[2018-03-05 19:15:49 #9 type.registry] 
New type java.util.Vector<domain.Question>

[2018-03-05 19:15:49 #10 type.registry] 
New type domain.Usuario

[2018-03-05 19:15:49 #11 type] 
Type domain.Usuario is not enhanced.

[2018-03-05 19:15:49 #12 type.registry] 
New type java.util.Vector<java.lang.Object>

------------------------------------------------------------------------------------------------------------------------

[2018-03-05 19:16:07 #1 store] 
Database 'E:\Bets\resources\bets.temp' has been recovered (tr. 1-6)

[2018-03-05 19:16:07 #2 store] 
Database 'E:\Bets\resources\bets.temp' is opened by 5704@Lenovo-PC

[2018-03-05 19:16:07 #3 type] 
Type domain.Question is not enhanced.

[2018-03-05 19:16:07 #4 type] 
Type domain.Forecast is not enhanced.

[2018-03-05 19:16:08 #5 type] 
Type domain.Event is not enhanced.

[2018-03-05 19:16:08 #6 type] 
Type domain.Usuario is not enhanced.

------------------------------------------------------------------------------------------------------------------------

[2018-03-05 19:21:21 #1 store] 
Database 'E:\Bets\resources\bets.temp' has been recovered (tr. 7-9)

[2018-03-05 19:21:21 #2 store] 
Database 'E:\Bets\resources\bets.temp' is opened by 3284@Lenovo-PC

[2018-03-05 19:21:21 #3 type] 
Type domain.Question is not enhanced.

[2018-03-05 19:21:21 #4 type] 
Type domain.Forecast is not enhanced.

[2018-03-05 19:21:21 #5 type] 
Type domain.Event is not enhanced.

[2018-03-05 19:21:21 #6 type] 
Type domain.Usuario is not enhanced.

------------------------------------------------------------------------------------------------------------------------

[2018-03-05 19:32:18 #1 store] 
Database 'E:\Bets\resources\bets.temp' is opened by 1368@Lenovo-PC

[2018-03-05 19:32:18 #2 type] 
Type domain.Question is not enhanced.

[2018-03-05 19:32:18 #3 type] 
Type domain.Forecast is not enhanced.

[2018-03-05 19:32:18 #4 type] 
Type domain.Event is not enhanced.

[2018-03-05 19:32:18 #5 type] 
Type domain.Usuario is not enhanced.

------------------------------------------------------------------------------------------------------------------------

[2018-03-05 19:34:07 #1 store] 
Database 'E:\Bets\resources\bets.temp' is opened by 7956@Lenovo-PC

[2018-03-05 19:34:07 #2 type] 
Type domain.Question is not enhanced.

[2018-03-05 19:34:07 #3 type] 
Type domain.Forecast is not enhanced.

[2018-03-05 19:34:07 #4 type] 
Type domain.Event is not enhanced.

[2018-03-05 19:34:07 #5 type] 
Type domain.Usuario is not enhanced.

------------------------------------------------------------------------------------------------------------------------

[2018-03-05 19:36:50 #1 store] 
Database 'E:\Bets\resources\bets.temp' is opened by 10248@Lenovo-PC

[2018-03-05 19:36:51 #2 type] 
Type domain.Question is not enhanced.

[2018-03-05 19:36:51 #3 type] 
Type domain.Forecast is not enhanced.

[2018-03-05 19:36:51 #4 type] 
Type domain.Event is not enhanced.

[2018-03-05 19:36:51 #5 type] 
Type domain.Usuario is not enhanced.

------------------------------------------------------------------------------------------------------------------------

[2018-03-05 19:41:25 #1 store] 
Database 'E:\Bets\resources\bets.temp' is opened by 7172@Lenovo-PC

[2018-03-05 19:41:26 #2 type] 
Type domain.Question is not enhanced.

[2018-03-05 19:41:26 #3 type] 
Type domain.Forecast is not enhanced.

[2018-03-05 19:41:26 #4 type] 
Type domain.Event is not enhanced.

[2018-03-05 19:41:26 #5 type] 
Type domain.Usuario is not enhanced.

------------------------------------------------------------------------------------------------------------------------

[2018-03-05 19:43:19 #1 store] 
Database 'E:\Bets\resources\bets.temp' is opened by 7908@Lenovo-PC

[2018-03-05 19:43:20 #2 type] 
Type domain.Question is not enhanced.

[2018-03-05 19:43:20 #3 type] 
Type domain.Forecast is not enhanced.

[2018-03-05 19:43:20 #4 type] 
Type domain.Event is not enhanced.

[2018-03-05 19:43:20 #5 type] 
Type domain.Usuario is not enhanced.

------------------------------------------------------------------------------------------------------------------------

[2018-03-05 19:45:36 #1 store] 
Database 'E:\Bets\resources\bets.temp' has been recovered (tr. 10-10)

[2018-03-05 19:45:36 #2 store] 
Database 'E:\Bets\resources\bets.temp' is opened by 1296@Lenovo-PC

[2018-03-05 19:45:36 #3 type] 
Type domain.Question is not enhanced.

[2018-03-05 19:45:36 #4 type] 
Type domain.Forecast is not enhanced.

[2018-03-05 19:45:36 #5 type] 
Type domain.Event is not enhanced.

[2018-03-05 19:45:36 #6 type] 
Type domain.Usuario is not enhanced.

