------------------------------------------------------------------------------------------------------------------------

[2018-03-06 15:52:08 #1 store] 
Database 'C:\Users\danel\Desktop\IS\Bets\resources\bets.temp' is opened by 9880@DESKTOP-RS6UR7Q

[2018-03-06 15:52:08 #2 type] 
Type domain.Question is not enhanced.

[2018-03-06 15:52:08 #3 type] 
Type domain.Forecast is not enhanced.

[2018-03-06 15:52:08 #4 type] 
Type domain.Event is not enhanced.

[2018-03-06 15:52:08 #5 type] 
Type domain.User is not enhanced.

[2018-03-06 15:52:08 #6 type] 
Type domain.Bet is not enhanced.

------------------------------------------------------------------------------------------------------------------------

[2018-03-06 15:52:38 #1 store] 
Database 'C:\Users\danel\Desktop\IS\Bets\resources\bets.temp' is opened by 424@DESKTOP-RS6UR7Q

[2018-03-06 15:52:38 #2 type] 
Type domain.Question is not enhanced.

[2018-03-06 15:52:38 #3 type] 
Type domain.Forecast is not enhanced.

[2018-03-06 15:52:38 #4 type] 
Type domain.Event is not enhanced.

[2018-03-06 15:52:38 #5 type] 
Type domain.User is not enhanced.

[2018-03-06 15:52:38 #6 type] 
Type domain.Bet is not enhanced.

